--> Wrapper Started as Console
Launching a JVM...
Wrapper (Version 3.2.3) http://wrapper.tanukisoftware.org
  Copyright 1999-2006 Tanuki Software, Inc.  All Rights Reserved.

2019.11.13 17:21:32 INFO  app[o.s.a.AppFileSystem] Cleaning or creating temp directory /home/administrator/Desktop/sonarqube-5.4/temp
2019.11.13 17:21:32 INFO  app[o.s.p.m.JavaProcessLauncher] Launch process[search]: /home/administrator/Desktop/java1.8/jre/bin/java -Djava.awt.headless=true -Xmx1G -Xms256m -Xss256k -Djava.net.preferIPv4Stack=true -XX:+UseParNewGC -XX:+UseConcMarkSweepGC -XX:CMSInitiatingOccupancyFraction=75 -XX:+UseCMSInitiatingOccupancyOnly -XX:+HeapDumpOnOutOfMemoryError -Djava.io.tmpdir=/home/administrator/Desktop/sonarqube-5.4/temp -cp ./lib/common/*:./lib/search/* org.sonar.search.SearchServer /tmp/sq-process377545116328127922properties
2019.11.13 17:21:32 INFO   es[o.s.p.ProcessEntryPoint]  Starting search
2019.11.13 17:21:32 INFO   es[o.s.s.SearchSettings]  Elasticsearch listening on 127.0.0.1:9001
2019.11.13 17:21:32 INFO   es[o.elasticsearch.node]  [sonar-1573636891980] version[1.7.2], pid[4814], build[e43676b/2015-09-14T09:49:53Z]
2019.11.13 17:21:32 INFO   es[o.elasticsearch.node]  [sonar-1573636891980] initializing ...
2019.11.13 17:21:32 INFO   es[o.e.plugins]  [sonar-1573636891980] loaded [], sites []
2019.11.13 17:21:32 INFO   es[o.elasticsearch.env]  [sonar-1573636891980] using [1] data paths, mounts [[/ (/dev/vda1)]], net usable_space [19gb], net total_space [27.4gb], types [ext4]
2019.11.13 17:21:33 WARN   es[o.e.bootstrap]  JNA not found. native methods will be disabled.
2019.11.13 17:21:34 INFO   es[o.elasticsearch.node]  [sonar-1573636891980] initialized
2019.11.13 17:21:34 INFO   es[o.elasticsearch.node]  [sonar-1573636891980] starting ...
2019.11.13 17:21:34 INFO   es[o.e.transport]  [sonar-1573636891980] bound_address {inet[/127.0.0.1:9001]}, publish_address {inet[/127.0.0.1:9001]}
2019.11.13 17:21:34 INFO   es[o.e.discovery]  [sonar-1573636891980] sonarqube/yFXJOqY0TH6EtQ5xrks3mA
2019.11.13 17:21:37 INFO   es[o.e.cluster.service]  [sonar-1573636891980] new_master [sonar-1573636891980][yFXJOqY0TH6EtQ5xrks3mA][vinzor][inet[/127.0.0.1:9001]]{rack_id=sonar-1573636891980}, reason: zen-disco-join (elected_as_master)
2019.11.13 17:21:37 INFO   es[o.elasticsearch.node]  [sonar-1573636891980] started
2019.11.13 17:21:37 INFO   es[o.e.gateway]  [sonar-1573636891980] recovered [0] indices into cluster_state
2019.11.13 17:21:37 INFO  app[o.s.p.m.Monitor] Process[search] is up
2019.11.13 17:21:37 INFO  app[o.s.p.m.JavaProcessLauncher] Launch process[web]: /home/administrator/Desktop/java1.8/jre/bin/java -Djava.awt.headless=true -Dfile.encoding=UTF-8 -Djruby.management.enabled=false -Djruby.compile.invokedynamic=false -Xmx768m -Xms256m -XX:MaxPermSize=160m -XX:+HeapDumpOnOutOfMemoryError -Djava.net.preferIPv4Stack=true -Djava.io.tmpdir=/home/administrator/Desktop/sonarqube-5.4/temp -cp ./lib/common/*:./lib/server/*:/home/administrator/Desktop/sonarqube-5.4/lib/jdbc/h2/h2-1.3.176.jar org.sonar.server.app.WebServer /tmp/sq-process2868380040555255062properties
Java HotSpot(TM) 64-Bit Server VM warning: ignoring option MaxPermSize=160m; support was removed in 8.0
2019.11.13 17:21:38 INFO  web[o.s.p.ProcessEntryPoint] Starting web
2019.11.13 17:21:38 INFO  web[o.s.s.a.TomcatContexts] Webapp directory: /home/administrator/Desktop/sonarqube-5.4/web
2019.11.13 17:21:38 INFO  web[o.a.c.h.Http11NioProtocol] Initializing ProtocolHandler ["http-nio-0.0.0.0-9000"]
2019.11.13 17:21:38 INFO  web[o.a.t.u.n.NioSelectorPool] Using a shared selector for servlet write/read
2019.11.13 17:21:39 INFO  web[o.s.s.p.ServerImpl] SonarQube Server / 5.4 / 7b02df9be3cd9448699b5857586e1c6e2b28c007
2019.11.13 17:21:39 INFO  web[o.s.s.d.EmbeddedDatabase] Starting embedded database on port 9092 with url jdbc:h2:tcp://localhost:9092/sonar
2019.11.13 17:21:39 INFO  web[o.s.s.d.EmbeddedDatabase] Embedded database started. Data stored in: /home/administrator/Desktop/sonarqube-5.4/data
2019.11.13 17:21:39 INFO  web[o.sonar.db.Database] Create JDBC data source for jdbc:h2:tcp://localhost:9092/sonar
2019.11.13 17:21:39 WARN  web[o.s.d.DatabaseChecker] H2 database should be used for evaluation purpose only
2019.11.13 17:21:39 INFO  web[o.e.plugins] [sonar-1573636891980] loaded [], sites []
2019.11.13 17:21:41 INFO  web[o.s.s.p.DefaultServerFileSystem] SonarQube home: /home/administrator/Desktop/sonarqube-5.4
2019.11.13 17:21:41 INFO   es[o.e.cluster.metadata]  [sonar-1573636891980] [rules] creating index, cause [api], templates [], shards [1]/[0], mappings []
2019.11.13 17:21:42 INFO   es[o.e.cluster.metadata]  [sonar-1573636891980] [rules] create_mapping [rule]
2019.11.13 17:21:42 INFO   es[o.e.cluster.metadata]  [sonar-1573636891980] [rules] create_mapping [activeRule]
2019.11.13 17:21:42 INFO  web[o.s.s.p.ServerPluginRepository] Plugin SVN [scmsvn] installed
2019.11.13 17:21:42 INFO  web[o.s.s.p.ServerPluginRepository] Plugin Java [java] installed
2019.11.13 17:21:42 INFO  web[o.s.s.p.ServerPluginRepository] Plugin JavaScript [javascript] installed
2019.11.13 17:21:42 INFO  web[o.s.s.p.ServerPluginRepository] Plugin C# [csharp] installed
2019.11.13 17:21:42 INFO  web[o.s.s.p.ServerPluginRepository] Plugin Git [scmgit] installed
2019.11.13 17:21:42 INFO  web[o.s.s.p.ServerPluginRepository] Deploy plugin C# / 4.4 / 5b9adce1c37c4ef907b316ea4500ed5d7c4629c4
2019.11.13 17:21:42 INFO  web[o.s.s.p.ServerPluginRepository] Deploy plugin Git / 1.0 / 9ce9d330c313c296fab051317cc5ad4b26319e07
2019.11.13 17:21:42 INFO  web[o.s.s.p.ServerPluginRepository] Deploy plugin Java / 3.10 / e55d43e814fd68587a7a9e0f37089492b34445cc
2019.11.13 17:21:42 INFO  web[o.s.s.p.ServerPluginRepository] Deploy plugin JavaScript / 2.10 / 88475229068f817583013a08facf2b45d0357829
2019.11.13 17:21:42 INFO  web[o.s.s.p.ServerPluginRepository] Deploy plugin SVN / 1.2 / d04c3cdb21f48905dd8300d1129ec90281aa6db2
2019.11.13 17:21:42 INFO  web[o.s.s.d.m.DatabaseMigrator] Create database
2019.11.13 17:21:43 INFO  web[o.s.s.p.RailsAppsDeployer] Deploying Ruby on Rails applications
2019.11.13 17:21:43 INFO  web[o.s.s.p.UpdateCenterClient] Update center: http://update.sonarsource.org/update-center.properties (no proxy)
2019.11.13 17:21:43 INFO  web[o.s.s.e.IndexCreator] Create index tests
2019.11.13 17:21:43 INFO   es[o.e.cluster.metadata]  [sonar-1573636891980] [tests] creating index, cause [api], templates [], shards [5]/[0], mappings []
2019.11.13 17:21:44 INFO  web[o.s.s.e.IndexCreator] Create type tests/test
2019.11.13 17:21:44 INFO   es[o.e.cluster.metadata]  [sonar-1573636891980] [tests] create_mapping [test]
2019.11.13 17:21:44 INFO  web[o.s.s.e.IndexCreator] Create index activities
2019.11.13 17:21:44 INFO   es[o.e.cluster.metadata]  [sonar-1573636891980] [activities] creating index, cause [api], templates [], shards [5]/[0], mappings []
2019.11.13 17:21:44 INFO  web[o.s.s.e.IndexCreator] Create type activities/activity
2019.11.13 17:21:44 INFO   es[o.e.cluster.metadata]  [sonar-1573636891980] [activities] create_mapping [activity]
2019.11.13 17:21:44 INFO  web[o.s.s.e.IndexCreator] Create index issues
2019.11.13 17:21:44 INFO   es[o.e.cluster.metadata]  [sonar-1573636891980] [issues] creating index, cause [api], templates [], shards [5]/[0], mappings []
2019.11.13 17:21:44 INFO  web[o.s.s.e.IndexCreator] Create type issues/authorization
2019.11.13 17:21:44 INFO   es[o.e.cluster.metadata]  [sonar-1573636891980] [issues] create_mapping [authorization]
2019.11.13 17:21:44 INFO  web[o.s.s.e.IndexCreator] Create type issues/issue
2019.11.13 17:21:44 INFO   es[o.e.cluster.metadata]  [sonar-1573636891980] [issues] create_mapping [issue]
2019.11.13 17:21:44 INFO  web[o.s.s.e.IndexCreator] Create index users
2019.11.13 17:21:44 INFO   es[o.e.cluster.metadata]  [sonar-1573636891980] [users] creating index, cause [api], templates [], shards [5]/[0], mappings []
2019.11.13 17:21:44 INFO  web[o.s.s.e.IndexCreator] Create type users/user
2019.11.13 17:21:44 INFO   es[o.e.cluster.metadata]  [sonar-1573636891980] [users] create_mapping [user]
2019.11.13 17:21:44 INFO  web[o.s.s.e.IndexCreator] Create index views
2019.11.13 17:21:44 INFO   es[o.e.cluster.metadata]  [sonar-1573636891980] [views] creating index, cause [api], templates [], shards [5]/[0], mappings []
2019.11.13 17:21:44 INFO  web[o.s.s.e.IndexCreator] Create type views/view
2019.11.13 17:21:44 INFO   es[o.e.cluster.metadata]  [sonar-1573636891980] [views] create_mapping [view]
2019.11.13 17:21:44 INFO  web[o.s.s.n.NotificationService] Notification service started (delay 60 sec.)
2019.11.13 17:21:45 INFO  web[o.s.s.s.IndexSynchronizer] Index rules
2019.11.13 17:21:45 INFO  web[o.s.s.s.IndexSynchronizer] Index activeRules
2019.11.13 17:21:45 INFO  web[o.s.s.s.RegisterMetrics] Register metrics
2019.11.13 17:21:45 INFO  web[o.s.s.s.RegisterDebtModel] Register technical debt model
2019.11.13 17:21:45 INFO  web[o.s.s.r.RegisterRules] Register rules
2019.11.13 17:21:54 INFO  web[o.s.s.q.RegisterQualityProfiles] Register quality profiles
2019.11.13 17:21:55 INFO  web[o.s.s.q.RegisterQualityProfiles] Register profile {lang=cs, name=Sonar way}
2019.11.13 17:21:56 INFO  web[o.s.s.q.RegisterQualityProfiles] Set default cs profile: Sonar way
2019.11.13 17:21:56 INFO  web[o.s.s.q.RegisterQualityProfiles] Register profile {lang=java, name=Sonar way}
2019.11.13 17:21:58 INFO  web[o.s.s.q.RegisterQualityProfiles] Set default java profile: Sonar way
2019.11.13 17:21:58 INFO  web[o.s.s.q.RegisterQualityProfiles] Register profile {lang=js, name=Sonar way}
2019.11.13 17:21:59 INFO  web[o.s.s.q.RegisterQualityProfiles] Register profile {lang=js, name=Sonar Security Way}
2019.11.13 17:21:59 INFO  web[o.s.s.q.RegisterQualityProfiles] Set default js profile: Sonar way
2019.11.13 17:21:59 INFO  web[o.s.s.s.RegisterNewMeasureFilters] Register measure filters
2019.11.13 17:21:59 INFO  web[o.s.s.s.RegisterNewMeasureFilters] Register measure filter: Projects
2019.11.13 17:21:59 INFO  web[o.s.s.s.RegisterNewMeasureFilters] Register measure filter: My favourites
2019.11.13 17:21:59 INFO  web[o.s.s.s.RegisterDashboards] Register dashboards
2019.11.13 17:21:59 INFO  web[o.s.s.s.RegisterDashboards] Register dashboard: Custom
2019.11.13 17:21:59 INFO  web[o.s.s.s.RegisterDashboards] Register dashboard: Home
2019.11.13 17:21:59 INFO  web[o.s.s.s.RegisterPermissionTemplates] Register permission templates
2019.11.13 17:21:59 INFO  web[o.s.s.s.RenameDeprecatedPropertyKeys] Rename deprecated property keys
2019.11.13 17:21:59 INFO  web[o.s.s.s.RenameIssueWidgets] Replacing issue related widgets with issue filter widgets
2019.11.13 17:22:00 INFO  web[o.s.s.s.IndexSynchronizer] Index activities
2019.11.13 17:22:01 INFO   es[o.e.cluster.metadata]  [sonar-1573636891980] [activities] update_mapping [activity] (dynamic)
2019.11.13 17:22:01 INFO   es[o.e.cluster.metadata]  [sonar-1573636891980] [activities] update_mapping [activity] (dynamic)
2019.11.13 17:22:01 INFO  web[o.s.s.s.IndexSynchronizer] Index issues
2019.11.13 17:22:01 INFO  web[o.s.s.s.IndexSynchronizer] Index tests
2019.11.13 17:22:01 INFO  web[o.s.s.s.IndexSynchronizer] Index users
2019.11.13 17:22:01 INFO  web[o.s.s.s.IndexSynchronizer] Index views
2019.11.13 17:22:01 INFO  web[o.s.s.c.q.PurgeCeActivities] Delete the Compute Engine tasks created before Fri May 17 17:22:01 CST 2019
2019.11.13 17:22:01 INFO  web[jruby.rack] jruby 1.7.9 (ruby-1.8.7p370) 2013-12-06 87b108a on Java HotSpot(TM) 64-Bit Server VM 1.8.0_231-b11 [linux-amd64]
2019.11.13 17:22:01 INFO  web[jruby.rack] using a shared (threadsafe!) runtime
2019.11.13 17:22:10 INFO  web[jruby.rack] keeping custom (config.logger) Rails logger instance
2019.11.13 17:22:10 INFO  web[o.s.s.p.MasterServletFilter] Initializing servlet filter org.sonar.server.authentication.InitFilter@23862e00 [pattern=/sessions/init/*]
2019.11.13 17:22:10 INFO  web[o.s.s.p.MasterServletFilter] Initializing servlet filter org.sonar.server.authentication.OAuth2CallbackFilter@ab3dd4e [pattern=/oauth2/callback/*]
2019.11.13 17:22:10 INFO  web[o.a.c.h.Http11NioProtocol] Starting ProtocolHandler ["http-nio-0.0.0.0-9000"]
2019.11.13 17:22:10 INFO  web[o.s.s.a.TomcatAccessLog] Web server is started
2019.11.13 17:22:10 INFO  web[o.s.s.a.EmbeddedTomcat] HTTP connector enabled on port 9000
2019.11.13 17:22:10 INFO  app[o.s.p.m.Monitor] Process[web] is up
INT trapped.  Shutting down.
2019.11.13 17:24:15 INFO   es[o.elasticsearch.node]  [sonar-1573636891980] stopping ...
2019.11.13 17:24:15 INFO   es[o.elasticsearch.node]  [sonar-1573636891980] stopped
2019.11.13 17:24:15 INFO   es[o.elasticsearch.node]  [sonar-1573636891980] closing ...
2019.11.13 17:24:15 INFO   es[o.elasticsearch.node]  [sonar-1573636891980] closed
2019.11.13 17:24:15 INFO  app[o.s.p.m.Monitor] Process[web] is stopping
2019.11.13 17:24:16 INFO  web[o.s.s.n.NotificationService] Notification service stopped
2019.11.13 17:24:16 INFO  web[o.s.s.d.EmbeddedDatabase] Embedded database stopped
2019.11.13 17:24:17 INFO  web[o.s.s.a.TomcatAccessLog] Web server is stopped
2019.11.13 17:24:17 INFO  app[o.s.p.m.Monitor] Process[web] is stopped
<-- Wrapper Stopped
--> Wrapper Started as Daemon
Launching a JVM...
Wrapper (Version 3.2.3) http://wrapper.tanukisoftware.org
  Copyright 1999-2006 Tanuki Software, Inc.  All Rights Reserved.

2019.11.13 17:24:39 INFO  app[o.s.a.AppFileSystem] Cleaning or creating temp directory /home/administrator/Desktop/sonarqube-5.4/temp
2019.11.13 17:24:39 INFO  app[o.s.p.m.JavaProcessLauncher] Launch process[search]: /home/administrator/Desktop/java1.8/jre/bin/java -Djava.awt.headless=true -Xmx1G -Xms256m -Xss256k -Djava.net.preferIPv4Stack=true -XX:+UseParNewGC -XX:+UseConcMarkSweepGC -XX:CMSInitiatingOccupancyFraction=75 -XX:+UseCMSInitiatingOccupancyOnly -XX:+HeapDumpOnOutOfMemoryError -Djava.io.tmpdir=/home/administrator/Desktop/sonarqube-5.4/temp -cp ./lib/common/*:./lib/search/* org.sonar.search.SearchServer /tmp/sq-process7012572515337350439properties
2019.11.13 17:24:40 INFO   es[o.s.p.ProcessEntryPoint]  Starting search
2019.11.13 17:24:40 INFO   es[o.s.s.SearchSettings]  Elasticsearch listening on 127.0.0.1:9001
2019.11.13 17:24:40 INFO   es[o.elasticsearch.node]  [sonar-1573637079631] version[1.7.2], pid[5096], build[e43676b/2015-09-14T09:49:53Z]
2019.11.13 17:24:40 INFO   es[o.elasticsearch.node]  [sonar-1573637079631] initializing ...
2019.11.13 17:24:40 INFO   es[o.e.plugins]  [sonar-1573637079631] loaded [], sites []
2019.11.13 17:24:40 INFO   es[o.elasticsearch.env]  [sonar-1573637079631] using [1] data paths, mounts [[/ (/dev/vda1)]], net usable_space [18.9gb], net total_space [27.4gb], types [ext4]
2019.11.13 17:24:41 WARN   es[o.e.bootstrap]  JNA not found. native methods will be disabled.
2019.11.13 17:24:42 INFO   es[o.elasticsearch.node]  [sonar-1573637079631] initialized
2019.11.13 17:24:42 INFO   es[o.elasticsearch.node]  [sonar-1573637079631] starting ...
2019.11.13 17:24:42 INFO   es[o.e.transport]  [sonar-1573637079631] bound_address {inet[/127.0.0.1:9001]}, publish_address {inet[/127.0.0.1:9001]}
2019.11.13 17:24:42 INFO   es[o.e.discovery]  [sonar-1573637079631] sonarqube/nE1AFcaOTuuyAjDFjora2A
2019.11.13 17:24:45 INFO   es[o.e.cluster.service]  [sonar-1573637079631] new_master [sonar-1573637079631][nE1AFcaOTuuyAjDFjora2A][vinzor][inet[/127.0.0.1:9001]]{rack_id=sonar-1573637079631}, reason: zen-disco-join (elected_as_master)
2019.11.13 17:24:45 INFO   es[o.elasticsearch.node]  [sonar-1573637079631] started
2019.11.13 17:24:45 INFO   es[o.e.gateway]  [sonar-1573637079631] recovered [6] indices into cluster_state
Java HotSpot(TM) 64-Bit Server VM warning: ignoring option MaxPermSize=160m; support was removed in 8.0
2019.11.13 17:24:47 INFO  app[o.s.p.m.Monitor] Process[search] is up
2019.11.13 17:24:47 INFO  app[o.s.p.m.JavaProcessLauncher] Launch process[web]: /home/administrator/Desktop/java1.8/jre/bin/java -Djava.awt.headless=true -Dfile.encoding=UTF-8 -Djruby.management.enabled=false -Djruby.compile.invokedynamic=false -Xmx768m -Xms256m -XX:MaxPermSize=160m -XX:+HeapDumpOnOutOfMemoryError -Djava.net.preferIPv4Stack=true -Djava.io.tmpdir=/home/administrator/Desktop/sonarqube-5.4/temp -cp ./lib/common/*:./lib/server/*:/home/administrator/Desktop/sonarqube-5.4/lib/jdbc/h2/h2-1.3.176.jar org.sonar.server.app.WebServer /tmp/sq-process4010539965496546117properties
2019.11.13 17:24:48 INFO  web[o.s.p.ProcessEntryPoint] Starting web
2019.11.13 17:24:48 INFO  web[o.s.s.a.TomcatContexts] Webapp directory: /home/administrator/Desktop/sonarqube-5.4/web
2019.11.13 17:24:48 INFO  web[o.a.c.h.Http11NioProtocol] Initializing ProtocolHandler ["http-nio-0.0.0.0-9000"]
2019.11.13 17:24:48 INFO  web[o.a.t.u.n.NioSelectorPool] Using a shared selector for servlet write/read
2019.11.13 17:24:49 INFO  web[o.s.s.p.ServerImpl] SonarQube Server / 5.4 / 7b02df9be3cd9448699b5857586e1c6e2b28c007
2019.11.13 17:24:50 INFO  web[o.s.s.d.EmbeddedDatabase] Starting embedded database on port 9092 with url jdbc:h2:tcp://localhost:9092/sonar
2019.11.13 17:24:50 INFO  web[o.s.s.d.EmbeddedDatabase] Embedded database started. Data stored in: /home/administrator/Desktop/sonarqube-5.4/data
2019.11.13 17:24:50 INFO  web[o.sonar.db.Database] Create JDBC data source for jdbc:h2:tcp://localhost:9092/sonar
2019.11.13 17:24:50 WARN  web[o.s.d.DatabaseChecker] H2 database should be used for evaluation purpose only
2019.11.13 17:24:50 INFO  web[o.e.plugins] [sonar-1573637079631] loaded [], sites []
2019.11.13 17:24:52 INFO  web[o.s.s.p.DefaultServerFileSystem] SonarQube home: /home/administrator/Desktop/sonarqube-5.4
2019.11.13 17:24:52 INFO  web[o.s.s.p.ServerPluginRepository] Deploy plugin C# / 4.4 / 5b9adce1c37c4ef907b316ea4500ed5d7c4629c4
2019.11.13 17:24:52 INFO  web[o.s.s.p.ServerPluginRepository] Deploy plugin Git / 1.0 / 9ce9d330c313c296fab051317cc5ad4b26319e07
2019.11.13 17:24:52 INFO  web[o.s.s.p.ServerPluginRepository] Deploy plugin Java / 3.10 / e55d43e814fd68587a7a9e0f37089492b34445cc
2019.11.13 17:24:52 INFO  web[o.s.s.p.ServerPluginRepository] Deploy plugin JavaScript / 2.10 / 88475229068f817583013a08facf2b45d0357829
2019.11.13 17:24:52 INFO  web[o.s.s.p.ServerPluginRepository] Deploy plugin SVN / 1.2 / d04c3cdb21f48905dd8300d1129ec90281aa6db2
2019.11.13 17:24:52 INFO  web[o.s.s.p.RailsAppsDeployer] Deploying Ruby on Rails applications
2019.11.13 17:24:53 INFO  web[o.s.s.p.UpdateCenterClient] Update center: http://update.sonarsource.org/update-center.properties (no proxy)
2019.11.13 17:24:54 INFO  web[o.s.s.n.NotificationService] Notification service started (delay 60 sec.)
2019.11.13 17:24:54 INFO  web[o.s.s.s.IndexSynchronizer] Index rules
2019.11.13 17:24:54 INFO  web[o.s.s.s.IndexSynchronizer] Index activeRules
2019.11.13 17:24:54 INFO  web[o.s.s.s.RegisterMetrics] Register metrics
2019.11.13 17:24:55 INFO  web[o.s.s.s.RegisterDebtModel] Register technical debt model
2019.11.13 17:24:55 INFO  web[o.s.s.r.RegisterRules] Register rules
2019.11.13 17:24:56 INFO  web[o.s.s.q.RegisterQualityProfiles] Register quality profiles
2019.11.13 17:24:57 INFO  web[o.s.s.s.RegisterNewMeasureFilters] Register measure filters
2019.11.13 17:24:57 INFO  web[o.s.s.s.RegisterDashboards] Register dashboards
2019.11.13 17:24:57 INFO  web[o.s.s.s.RegisterPermissionTemplates] Register permission templates
2019.11.13 17:24:57 INFO  web[o.s.s.s.RenameDeprecatedPropertyKeys] Rename deprecated property keys
2019.11.13 17:24:57 INFO  web[o.s.s.s.IndexSynchronizer] Index activities
2019.11.13 17:24:57 INFO  web[o.s.s.s.IndexSynchronizer] Index issues
2019.11.13 17:24:57 INFO  web[o.s.s.s.IndexSynchronizer] Index tests
2019.11.13 17:24:57 INFO  web[o.s.s.s.IndexSynchronizer] Index users
2019.11.13 17:24:57 INFO  web[o.s.s.s.IndexSynchronizer] Index views
2019.11.13 17:24:57 INFO  web[o.s.s.c.q.PurgeCeActivities] Delete the Compute Engine tasks created before Fri May 17 17:24:57 CST 2019
2019.11.13 17:24:57 INFO  web[jruby.rack] jruby 1.7.9 (ruby-1.8.7p370) 2013-12-06 87b108a on Java HotSpot(TM) 64-Bit Server VM 1.8.0_231-b11 [linux-amd64]
2019.11.13 17:24:57 INFO  web[jruby.rack] using a shared (threadsafe!) runtime
2019.11.13 17:25:09 INFO  web[jruby.rack] keeping custom (config.logger) Rails logger instance
TERM trapped.  Shutting down.
2019.11.13 17:28:13 INFO  app[o.s.p.m.Monitor] Process[web] is stopping
2019.11.13 17:28:14 INFO  web[o.s.p.StopWatcher] Stopping process
2019.11.13 17:29:12 INFO  web[o.a.c.u.SessionIdGeneratorBase] Creation of SecureRandom instance for session ID generation using [SHA1PRNG] took [243,413] milliseconds.
2019.11.13 17:29:12 INFO  web[o.s.s.p.MasterServletFilter] Initializing servlet filter org.sonar.server.authentication.InitFilter@5fd1f71d [pattern=/sessions/init/*]
2019.11.13 17:29:12 INFO  web[o.s.s.p.MasterServletFilter] Initializing servlet filter org.sonar.server.authentication.OAuth2CallbackFilter@4f9cd5ed [pattern=/oauth2/callback/*]
2019.11.13 17:29:12 INFO  web[o.a.c.h.Http11NioProtocol] Starting ProtocolHandler ["http-nio-0.0.0.0-9000"]
2019.11.13 17:29:12 INFO  web[o.s.s.a.TomcatAccessLog] Web server is started
2019.11.13 17:29:12 INFO  web[o.s.s.a.EmbeddedTomcat] HTTP connector enabled on port 9000
2019.11.13 17:29:12 INFO  web[o.a.c.h.Http11NioProtocol] Pausing ProtocolHandler ["http-nio-0.0.0.0-9000"]
2019.11.13 17:29:12 INFO  web[o.s.s.n.NotificationService] Notification service stopped
2019.11.13 17:29:12 INFO  web[o.s.s.d.EmbeddedDatabase] Embedded database stopped
2019.11.13 17:29:12 INFO  web[o.a.c.h.Http11NioProtocol] Stopping ProtocolHandler ["http-nio-0.0.0.0-9000"]
2019.11.13 17:29:13 INFO  web[o.a.c.h.Http11NioProtocol] Destroying ProtocolHandler ["http-nio-0.0.0.0-9000"]
2019.11.13 17:29:13 INFO  web[o.s.s.a.TomcatAccessLog] Web server is stopped
2019.11.13 17:29:13 INFO  app[o.s.p.m.Monitor] Process[web] is stopped
2019.11.13 17:29:13 INFO  app[o.s.p.m.Monitor] Process[search] is stopping
2019.11.13 17:29:13 INFO  app[o.s.p.m.Monitor] Process[web] is up
2019.11.13 17:29:13 INFO   es[o.s.p.StopWatcher]  Stopping process
2019.11.13 17:29:13 INFO   es[o.elasticsearch.node]  [sonar-1573637079631] stopping ...
2019.11.13 17:29:13 INFO   es[o.elasticsearch.node]  [sonar-1573637079631] stopped
2019.11.13 17:29:13 INFO   es[o.elasticsearch.node]  [sonar-1573637079631] closing ...
2019.11.13 17:29:13 INFO   es[o.elasticsearch.node]  [sonar-1573637079631] closed
2019.11.13 17:29:13 INFO  app[o.s.p.m.Monitor] Process[search] is stopped
<-- Wrapper Stopped
--> Wrapper Started as Daemon
Launching a JVM...
Wrapper (Version 3.2.3) http://wrapper.tanukisoftware.org
  Copyright 1999-2006 Tanuki Software, Inc.  All Rights Reserved.

2019.11.13 17:34:29 INFO  app[o.s.a.AppFileSystem] Cleaning or creating temp directory /home/administrator/Desktop/sonarqube-5.4/temp
2019.11.13 17:34:29 INFO  app[o.s.p.m.JavaProcessLauncher] Launch process[search]: /home/administrator/Desktop/java1.8/jre/bin/java -Djava.awt.headless=true -Xmx1G -Xms256m -Xss256k -Djava.net.preferIPv4Stack=true -XX:+UseParNewGC -XX:+UseConcMarkSweepGC -XX:CMSInitiatingOccupancyFraction=75 -XX:+UseCMSInitiatingOccupancyOnly -XX:+HeapDumpOnOutOfMemoryError -Djava.io.tmpdir=/home/administrator/Desktop/sonarqube-5.4/temp -cp ./lib/common/*:./lib/search/* org.sonar.search.SearchServer /tmp/sq-process4570229966022220293properties
2019.11.13 17:34:29 INFO   es[o.s.p.ProcessEntryPoint]  Starting search
2019.11.13 17:34:30 INFO   es[o.s.s.SearchSettings]  Elasticsearch listening on 127.0.0.1:9001
2019.11.13 17:34:30 INFO   es[o.elasticsearch.node]  [sonar-1573637669282] version[1.7.2], pid[6355], build[e43676b/2015-09-14T09:49:53Z]
2019.11.13 17:34:30 INFO   es[o.elasticsearch.node]  [sonar-1573637669282] initializing ...
2019.11.13 17:34:30 INFO   es[o.e.plugins]  [sonar-1573637669282] loaded [], sites []
2019.11.13 17:34:30 INFO   es[o.elasticsearch.env]  [sonar-1573637669282] using [1] data paths, mounts [[/ (/dev/vda1)]], net usable_space [18.9gb], net total_space [27.4gb], types [ext4]
2019.11.13 17:34:31 WARN   es[o.e.bootstrap]  JNA not found. native methods will be disabled.
2019.11.13 17:34:31 INFO   es[o.elasticsearch.node]  [sonar-1573637669282] initialized
2019.11.13 17:34:31 INFO   es[o.elasticsearch.node]  [sonar-1573637669282] starting ...
2019.11.13 17:34:31 INFO   es[o.e.transport]  [sonar-1573637669282] bound_address {inet[/127.0.0.1:9001]}, publish_address {inet[/127.0.0.1:9001]}
2019.11.13 17:34:32 INFO   es[o.e.discovery]  [sonar-1573637669282] sonarqube/VIqLsU-TQmK5tUHA0qXPQA
2019.11.13 17:34:35 INFO   es[o.e.cluster.service]  [sonar-1573637669282] new_master [sonar-1573637669282][VIqLsU-TQmK5tUHA0qXPQA][vinzor][inet[/127.0.0.1:9001]]{rack_id=sonar-1573637669282}, reason: zen-disco-join (elected_as_master)
2019.11.13 17:34:35 INFO   es[o.elasticsearch.node]  [sonar-1573637669282] started
2019.11.13 17:34:35 INFO   es[o.e.gateway]  [sonar-1573637669282] recovered [6] indices into cluster_state
Java HotSpot(TM) 64-Bit Server VM warning: ignoring option MaxPermSize=160m; support was removed in 8.0
2019.11.13 17:34:36 INFO  app[o.s.p.m.Monitor] Process[search] is up
2019.11.13 17:34:36 INFO  app[o.s.p.m.JavaProcessLauncher] Launch process[web]: /home/administrator/Desktop/java1.8/jre/bin/java -Djava.awt.headless=true -Dfile.encoding=UTF-8 -Djruby.management.enabled=false -Djruby.compile.invokedynamic=false -Xmx768m -Xms256m -XX:MaxPermSize=160m -XX:+HeapDumpOnOutOfMemoryError -Djava.net.preferIPv4Stack=true -Djava.io.tmpdir=/home/administrator/Desktop/sonarqube-5.4/temp -cp ./lib/common/*:./lib/server/*:/home/administrator/Desktop/sonarqube-5.4/lib/jdbc/h2/h2-1.3.176.jar org.sonar.server.app.WebServer /tmp/sq-process8132774058206620477properties
2019.11.13 17:34:37 INFO  web[o.s.p.ProcessEntryPoint] Starting web
2019.11.13 17:34:37 INFO  web[o.s.s.a.TomcatContexts] Webapp directory: /home/administrator/Desktop/sonarqube-5.4/web
2019.11.13 17:34:37 INFO  web[o.a.c.h.Http11NioProtocol] Initializing ProtocolHandler ["http-nio-0.0.0.0-9000"]
2019.11.13 17:34:37 INFO  web[o.a.t.u.n.NioSelectorPool] Using a shared selector for servlet write/read
2019.11.13 17:34:38 INFO  web[o.s.s.p.ServerImpl] SonarQube Server / 5.4 / 7b02df9be3cd9448699b5857586e1c6e2b28c007
2019.11.13 17:34:38 INFO  web[o.s.s.d.EmbeddedDatabase] Starting embedded database on port 9092 with url jdbc:h2:tcp://localhost:9092/sonar
2019.11.13 17:34:38 INFO  web[o.s.s.d.EmbeddedDatabase] Embedded database started. Data stored in: /home/administrator/Desktop/sonarqube-5.4/data
2019.11.13 17:34:38 INFO  web[o.sonar.db.Database] Create JDBC data source for jdbc:h2:tcp://localhost:9092/sonar
2019.11.13 17:34:39 WARN  web[o.s.d.DatabaseChecker] H2 database should be used for evaluation purpose only
2019.11.13 17:34:39 INFO  web[o.e.plugins] [sonar-1573637669282] loaded [], sites []
2019.11.13 17:34:40 INFO  web[o.s.s.p.DefaultServerFileSystem] SonarQube home: /home/administrator/Desktop/sonarqube-5.4
2019.11.13 17:34:41 INFO  web[o.s.s.p.ServerPluginRepository] Deploy plugin C# / 4.4 / 5b9adce1c37c4ef907b316ea4500ed5d7c4629c4
2019.11.13 17:34:41 INFO  web[o.s.s.p.ServerPluginRepository] Deploy plugin Git / 1.0 / 9ce9d330c313c296fab051317cc5ad4b26319e07
2019.11.13 17:34:41 INFO  web[o.s.s.p.ServerPluginRepository] Deploy plugin Java / 3.10 / e55d43e814fd68587a7a9e0f37089492b34445cc
2019.11.13 17:34:41 INFO  web[o.s.s.p.ServerPluginRepository] Deploy plugin JavaScript / 2.10 / 88475229068f817583013a08facf2b45d0357829
2019.11.13 17:34:41 INFO  web[o.s.s.p.ServerPluginRepository] Deploy plugin SVN / 1.2 / d04c3cdb21f48905dd8300d1129ec90281aa6db2
2019.11.13 17:34:41 INFO  web[o.s.s.p.RailsAppsDeployer] Deploying Ruby on Rails applications
2019.11.13 17:34:42 INFO  web[o.s.s.p.UpdateCenterClient] Update center: http://update.sonarsource.org/update-center.properties (no proxy)
2019.11.13 17:34:42 INFO  web[o.s.s.n.NotificationService] Notification service started (delay 60 sec.)
2019.11.13 17:34:42 INFO  web[o.s.s.s.IndexSynchronizer] Index rules
2019.11.13 17:34:43 INFO  web[o.s.s.s.IndexSynchronizer] Index activeRules
2019.11.13 17:34:43 INFO  web[o.s.s.s.RegisterMetrics] Register metrics
2019.11.13 17:34:43 INFO  web[o.s.s.s.RegisterDebtModel] Register technical debt model
2019.11.13 17:34:43 INFO  web[o.s.s.r.RegisterRules] Register rules
2019.11.13 17:34:45 INFO  web[o.s.s.q.RegisterQualityProfiles] Register quality profiles
2019.11.13 17:34:46 INFO  web[o.s.s.s.RegisterNewMeasureFilters] Register measure filters
2019.11.13 17:34:46 INFO  web[o.s.s.s.RegisterDashboards] Register dashboards
2019.11.13 17:34:46 INFO  web[o.s.s.s.RegisterPermissionTemplates] Register permission templates
2019.11.13 17:34:46 INFO  web[o.s.s.s.RenameDeprecatedPropertyKeys] Rename deprecated property keys
2019.11.13 17:34:46 INFO  web[o.s.s.s.IndexSynchronizer] Index activities
2019.11.13 17:34:46 INFO  web[o.s.s.s.IndexSynchronizer] Index issues
2019.11.13 17:34:46 INFO  web[o.s.s.s.IndexSynchronizer] Index tests
2019.11.13 17:34:46 INFO  web[o.s.s.s.IndexSynchronizer] Index users
2019.11.13 17:34:46 INFO  web[o.s.s.s.IndexSynchronizer] Index views
2019.11.13 17:34:46 INFO  web[o.s.s.c.q.PurgeCeActivities] Delete the Compute Engine tasks created before Fri May 17 17:34:46 CST 2019
2019.11.13 17:34:46 INFO  web[jruby.rack] jruby 1.7.9 (ruby-1.8.7p370) 2013-12-06 87b108a on Java HotSpot(TM) 64-Bit Server VM 1.8.0_231-b11 [linux-amd64]
2019.11.13 17:34:46 INFO  web[jruby.rack] using a shared (threadsafe!) runtime
2019.11.13 17:34:55 INFO  web[jruby.rack] keeping custom (config.logger) Rails logger instance
TERM trapped.  Shutting down.
2019.11.13 17:37:04 INFO  app[o.s.p.m.Monitor] Process[web] is stopping
2019.11.13 17:37:05 INFO  web[o.s.p.StopWatcher] Stopping process
2019.11.13 17:38:04 INFO  app[o.s.p.m.Monitor] Process[web] failed to stop in a timely fashion. Killing it.
2019.11.13 17:38:05 INFO  app[o.s.p.m.Monitor] Process[web] is stopped
2019.11.13 17:38:05 INFO  app[o.s.p.m.Monitor] Process[search] is stopping
2019.11.13 17:38:06 INFO   es[o.s.p.StopWatcher]  Stopping process
2019.11.13 17:38:06 INFO   es[o.elasticsearch.node]  [sonar-1573637669282] stopping ...
2019.11.13 17:38:06 INFO   es[o.elasticsearch.node]  [sonar-1573637669282] stopped
2019.11.13 17:38:06 INFO   es[o.elasticsearch.node]  [sonar-1573637669282] closing ...
2019.11.13 17:38:06 INFO   es[o.elasticsearch.node]  [sonar-1573637669282] closed
2019.11.13 17:38:06 INFO  app[o.s.p.m.Monitor] Process[search] is stopped
<-- Wrapper Stopped
